2023-03-10 17:08:54,906 INFO o.a.j.u.JMeterUtils: Setting Locale to en_EN
2023-03-10 17:08:54,939 INFO o.a.j.JMeter: Loading user properties from: /opt/homebrew/Cellar/jmeter/5.5/libexec/bin/user.properties
2023-03-10 17:08:54,939 INFO o.a.j.JMeter: Loading system properties from: /opt/homebrew/Cellar/jmeter/5.5/libexec/bin/system.properties
2023-03-10 17:08:54,943 INFO o.a.j.JMeter: Copyright (c) 1998-2022 The Apache Software Foundation
2023-03-10 17:08:54,943 INFO o.a.j.JMeter: Version 5.5
2023-03-10 17:08:54,943 INFO o.a.j.JMeter: java.version=19.0.2
2023-03-10 17:08:54,943 INFO o.a.j.JMeter: java.vm.name=OpenJDK 64-Bit Server VM
2023-03-10 17:08:54,943 INFO o.a.j.JMeter: os.name=Mac OS X
2023-03-10 17:08:54,943 INFO o.a.j.JMeter: os.arch=aarch64
2023-03-10 17:08:54,943 INFO o.a.j.JMeter: os.version=13.2.1
2023-03-10 17:08:54,943 INFO o.a.j.JMeter: file.encoding=UTF-8
2023-03-10 17:08:54,944 INFO o.a.j.JMeter: java.awt.headless=null
2023-03-10 17:08:54,944 INFO o.a.j.JMeter: Max memory     =1073741824
2023-03-10 17:08:54,944 INFO o.a.j.JMeter: Available Processors =10
2023-03-10 17:08:54,951 INFO o.a.j.JMeter: Default Locale=English (EN)
2023-03-10 17:08:54,952 INFO o.a.j.JMeter: JMeter  Locale=English (EN)
2023-03-10 17:08:54,952 INFO o.a.j.JMeter: JMeterHome=/opt/homebrew/Cellar/jmeter/5.5/libexec
2023-03-10 17:08:54,952 INFO o.a.j.JMeter: user.dir  =/Users/sj/Desktop/sparta/final-project
2023-03-10 17:08:54,952 INFO o.a.j.JMeter: PWD       =/Users/sj/Desktop/sparta/final-project
2023-03-10 17:08:54,955 INFO o.a.j.JMeter: IP: 127.0.0.1 Name: sjui-Macbook-Pro.local FullName: localhost
2023-03-10 17:08:54,962 INFO o.a.j.JMeter: Loaded icon properties from org/apache/jmeter/images/icon.properties
2023-03-10 17:08:55,946 INFO o.a.j.JMeterGuiLauncher: Setting LAF to: com.github.weisj.darklaf.DarkLaf:com.github.weisj.darklaf.theme.DarculaTheme
2023-03-10 17:08:57,611 INFO o.j.r.JARSourceHTTP: Requesting https://jmeter-plugins.org/repo/?installID=mac_os_x-c62071e4979980b482a56843bd034100-gui
2023-03-10 17:08:59,597 INFO o.j.r.PluginManager: Plugins Status: [jpgc-plugins-manager=1.7, jmeter-core=5.5, jmeter-ftp=5.5, jmeter-http=5.5, jmeter-jdbc=5.5, jmeter-jms=5.5, jmeter-junit=5.5, jmeter-java=5.5, jmeter-ldap=5.5, jmeter-mail=5.5, jmeter-mongodb=5.5, jmeter-native=5.5, jmeter-tcp=5.5, jmeter-components=5.5]
2023-03-10 17:08:59,598 INFO o.j.r.PluginManagerMenuItem: Plugins Manager has upgrades: [jpgc-plugins-manager]
